<?xml version="1.0" encoding="UTF-8"?>
<testng-results ignored="0" total="1" passed="1" failed="0" skipped="0">
  <reporter-output>
  </reporter-output>
  <suite started-at="2020-08-06T00:44:49 PDT" name="Default suite" finished-at="2020-08-06T00:45:30 PDT" duration-ms="40729">
    <groups>
    </groups>
    <test started-at="2020-08-06T00:44:49 PDT" name="Default test" finished-at="2020-08-06T00:45:30 PDT" duration-ms="40729">
      <class name="com.qa.mercuryTravels.test.DealsTest">
        <test-method is-config="true" signature="setup()[pri:0, instance:com.qa.mercuryTravels.test.DealsTest@16e7dcfd]" started-at="2020-08-06T00:44:49 PDT" name="setup" finished-at="2020-08-06T00:45:28 PDT" duration-ms="38875" status="PASS">
          <reporter-output>
          </reporter-output>
        </test-method> <!-- setup -->
        <test-method signature="newDealsButtonClick()[pri:1, instance:com.qa.mercuryTravels.test.DealsTest@16e7dcfd]" started-at="2020-08-06T00:45:28 PDT" name="newDealsButtonClick" finished-at="2020-08-06T00:45:30 PDT" duration-ms="1670" status="PASS">
          <reporter-output>
          </reporter-output>
        </test-method> <!-- newDealsButtonClick -->
      </class> <!-- com.qa.mercuryTravels.test.DealsTest -->
    </test> <!-- Default test -->
  </suite> <!-- Default suite -->
</testng-results>
